# JRE version: Java(TM) SE Runtime Environment (8.0_171-b11) (build 1.8.0_171-b11)
# Java VM: Java HotSpot(TM) 64-Bit Server VM (25.171-b11 mixed mode windows-amd64 compressed oops)
Heap:
 PSYoungGen      total 183808K, used 47266K [0x00000000e0000000, 0x00000000ef100000, 0x0000000100000000)
  eden space 161280K, 15% used [0x00000000e0000000,0x00000000e182a488,0x00000000e9d80000)
  from space 22528K, 99% used [0x00000000e9d80000,0x00000000eb37e5b0,0x00000000eb380000)
  to   space 34304K, 0% used [0x00000000ecf80000,0x00000000ecf80000,0x00000000ef100000)
 ParOldGen       total 158208K, used 75386K [0x00000000a0000000, 0x00000000a9a80000, 0x00000000e0000000)
  object space 158208K, 47% used [0x00000000a0000000,0x00000000a499e9e8,0x00000000a9a80000)
 Metaspace       used 81425K, capacity 83414K, committed 83712K, reserved 1122304K
  class space    used 10949K, capacity 11442K, committed 11520K, reserved 1048576K
GC Heap History (10 events):
Event: 31.138 GC heap before
{Heap before GC invocations=17 (full 2):
 PSYoungGen      total 124928K, used 124916K [0x00000000e0000000, 0x00000000e8800000, 0x0000000100000000)
  eden space 114176K, 100% used [0x00000000e0000000,0x00000000e6f80000,0x00000000e6f80000)
  from space 10752K, 99% used [0x00000000e7b80000,0x00000000e85fd070,0x00000000e8600000)
  to   space 12288K, 0% used [0x00000000e6f80000,0x00000000e6f80000,0x00000000e7b80000)
 ParOldGen       total 90112K, used 25875K [0x00000000a0000000, 0x00000000a5800000, 0x00000000e0000000)
  object space 90112K, 28% used [0x00000000a0000000,0x00000000a1944ea8,0x00000000a5800000)
 Metaspace       used 57377K, capacity 58932K, committed 59008K, reserved 1099776K
  class space    used 7885K, capacity 8275K, committed 8320K, reserved 1048576K
Event: 31.177 GC heap after
Heap after GC invocations=17 (full 2):
 PSYoungGen      total 126464K, used 12282K [0x00000000e0000000, 0x00000000eb400000, 0x0000000100000000)
  eden space 114176K, 0% used [0x00000000e0000000,0x00000000e0000000,0x00000000e6f80000)
  from space 12288K, 99% used [0x00000000e6f80000,0x00000000e7b7eb18,0x00000000e7b80000)
  to   space 18432K, 0% used [0x00000000ea200000,0x00000000ea200000,0x00000000eb400000)
 ParOldGen       total 90112K, used 37889K [0x00000000a0000000, 0x00000000a5800000, 0x00000000e0000000)
  object space 90112K, 42% used [0x00000000a0000000,0x00000000a2500720,0x00000000a5800000)
 Metaspace       used 57377K, capacity 58932K, committed 59008K, reserved 1099776K
  class space    used 7885K, capacity 8275K, committed 8320K, reserved 1048576K
}
Event: 32.503 GC heap before
{Heap before GC invocations=18 (full 2):
 PSYoungGen      total 126464K, used 27368K [0x00000000e0000000, 0x00000000eb400000, 0x0000000100000000)
  eden space 114176K, 13% used [0x00000000e0000000,0x00000000e0ebb670,0x00000000e6f80000)
  from space 12288K, 99% used [0x00000000e6f80000,0x00000000e7b7eb18,0x00000000e7b80000)
  to   space 18432K, 0% used [0x00000000ea200000,0x00000000ea200000,0x00000000eb400000)
 ParOldGen       total 90112K, used 37889K [0x00000000a0000000, 0x00000000a5800000, 0x00000000e0000000)
  object space 90112K, 42% used [0x00000000a0000000,0x00000000a2500720,0x00000000a5800000)
 Metaspace       used 57561K, capacity 59064K, committed 59160K, reserved 1099776K
  class space    used 7893K, capacity 8277K, committed 8320K, reserved 1048576K
Event: 32.520 GC heap after
Heap after GC invocations=18 (full 2):
 PSYoungGen      total 165888K, used 2336K [0x00000000e0000000, 0x00000000eb680000, 0x0000000100000000)
  eden space 147456K, 0% used [0x00000000e0000000,0x00000000e0000000,0x00000000e9000000)
  from space 18432K, 12% used [0x00000000ea200000,0x00000000ea448000,0x00000000eb400000)
  to   space 18432K, 0% used [0x00000000e9000000,0x00000000e9000000,0x00000000ea200000)
 ParOldGen       total 90112K, used 49980K [0x00000000a0000000, 0x00000000a5800000, 0x00000000e0000000)
  object space 90112K, 55% used [0x00000000a0000000,0x00000000a30cf018,0x00000000a5800000)
 Metaspace       used 57561K, capacity 59064K, committed 59160K, reserved 1099776K
  class space    used 7893K, capacity 8277K, committed 8320K, reserved 1048576K
}
Event: 32.520 GC heap before
{Heap before GC invocations=19 (full 3):
 PSYoungGen      total 165888K, used 2336K [0x00000000e0000000, 0x00000000eb680000, 0x0000000100000000)
  eden space 147456K, 0% used [0x00000000e0000000,0x00000000e0000000,0x00000000e9000000)
  from space 18432K, 12% used [0x00000000ea200000,0x00000000ea448000,0x00000000eb400000)
  to   space 18432K, 0% used [0x00000000e9000000,0x00000000e9000000,0x00000000ea200000)
 ParOldGen       total 90112K, used 49980K [0x00000000a0000000, 0x00000000a5800000, 0x00000000e0000000)
  object space 90112K, 55% used [0x00000000a0000000,0x00000000a30cf018,0x00000000a5800000)
 Metaspace       used 57561K, capacity 59064K, committed 59160K, reserved 1099776K
  class space    used 7893K, capacity 8277K, committed 8320K, reserved 1048576K
Event: 33.022 GC heap after
Heap after GC invocations=19 (full 3):
 PSYoungGen      total 165888K, used 0K [0x00000000e0000000, 0x00000000eb680000, 0x0000000100000000)
  eden space 147456K, 0% used [0x00000000e0000000,0x00000000e0000000,0x00000000e9000000)
  from space 18432K, 0% used [0x00000000ea200000,0x00000000ea200000,0x00000000eb400000)
  to   space 18432K, 0% used [0x00000000e9000000,0x00000000e9000000,0x00000000ea200000)
 ParOldGen       total 158208K, used 47193K [0x00000000a0000000, 0x00000000a9a80000, 0x00000000e0000000)
  object space 158208K, 29% used [0x00000000a0000000,0x00000000a2e164c8,0x00000000a9a80000)
 Metaspace       used 57561K, capacity 59064K, committed 59160K, reserved 1099776K
  class space    used 7893K, capacity 8277K, committed 8320K, reserved 1048576K
}
Event: 48.047 GC heap before
{Heap before GC invocations=20 (full 3):
 PSYoungGen      total 165888K, used 147456K [0x00000000e0000000, 0x00000000eb680000, 0x0000000100000000)
  eden space 147456K, 100% used [0x00000000e0000000,0x00000000e9000000,0x00000000e9000000)
  from space 18432K, 0% used [0x00000000ea200000,0x00000000ea200000,0x00000000eb400000)
  to   space 18432K, 0% used [0x00000000e9000000,0x00000000e9000000,0x00000000ea200000)
 ParOldGen       total 158208K, used 47193K [0x00000000a0000000, 0x00000000a9a80000, 0x00000000e0000000)
  object space 158208K, 29% used [0x00000000a0000000,0x00000000a2e164c8,0x00000000a9a80000)
 Metaspace       used 61269K, capacity 62900K, committed 63104K, reserved 1103872K
  class space    used 8362K, capacity 8779K, committed 8832K, reserved 1048576K
Event: 48.064 GC heap after
Heap after GC invocations=20 (full 3):
 PSYoungGen      total 165888K, used 6067K [0x00000000e0000000, 0x00000000ec500000, 0x0000000100000000)
  eden space 147456K, 0% used [0x00000000e0000000,0x00000000e0000000,0x00000000e9000000)
  from space 18432K, 32% used [0x00000000e9000000,0x00000000e95ecd60,0x00000000ea200000)
  to   space 17920K, 0% used [0x00000000eb380000,0x00000000eb380000,0x00000000ec500000)
 ParOldGen       total 158208K, used 47201K [0x00000000a0000000, 0x00000000a9a80000, 0x00000000e0000000)
  object space 158208K, 29% used [0x00000000a0000000,0x00000000a2e184c8,0x00000000a9a80000)
 Metaspace       used 61269K, capacity 62900K, committed 63104K, reserved 1103872K
  class space    used 8362K, capacity 8779K, committed 8832K, reserved 1048576K
}
Event: 56.924 GC heap before
{Heap before GC invocations=21 (full 3):
 PSYoungGen      total 165888K, used 152487K [0x00000000e0000000, 0x00000000ec500000, 0x0000000100000000)
  eden space 147456K, 99% used [0x00000000e0000000,0x00000000e8efd140,0x00000000e9000000)
  from space 18432K, 32% used [0x00000000e9000000,0x00000000e95ecd60,0x00000000ea200000)
  to   space 17920K, 0% used [0x00000000eb380000,0x00000000eb380000,0x00000000ec500000)
 ParOldGen       total 158208K, used 47201K [0x00000000a0000000, 0x00000000a9a80000, 0x00000000e0000000)
  object space 158208K, 29% used [0x00000000a0000000,0x00000000a2e184c8,0x00000000a9a80000)
 Metaspace       used 70031K, capacity 71648K, committed 71936K, reserved 1112064K
  class space    used 9519K, capacity 9917K, committed 9984K, reserved 1048576K
Event: 56.972 GC heap after
Heap after GC invocations=21 (full 3):
 PSYoungGen      total 179200K, used 17903K [0x00000000e0000000, 0x00000000ecd00000, 0x0000000100000000)
  eden space 161280K, 0% used [0x00000000e0000000,0x00000000e0000000,0x00000000e9d80000)
  from space 17920K, 99% used [0x00000000eb380000,0x00000000ec4fbf98,0x00000000ec500000)
  to   space 22528K, 0% used [0x00000000e9d80000,0x00000000e9d80000,0x00000000eb380000)
 ParOldGen       total 158208K, used 52176K [0x00000000a0000000, 0x00000000a9a80000, 0x00000000e0000000)
  object space 158208K, 32% used [0x00000000a0000000,0x00000000a32f4240,0x00000000a9a80000)
 Metaspace       used 70031K, capacity 71648K, committed 71936K, reserved 1112064K
  class space    used 9519K, capacity 9917K, committed 9984K, reserved 1048576K
}

